<?xml version="1.0" encoding="UTF-8"?>
<!-- Generated by org.testng.reporters.JUnitXMLReporter -->
<testsuite ignored="2" hostname="Gopi" failures="0" tests="2" name="Test" time="8.723" errors="0" timestamp="2024-02-27T21:46:04 IST">
  <testcase classname="TestCases.TC01_LoginTest" name="validLogin" time="2.575"/>
  <testcase classname="TestCases.TC02_HomePage" name="Homepage" time="6.09"/>
  <testcase classname="TestCases.BaseClass" name="@BeforeSuite setUp" time="0.0">
    <ignored/>
  </testcase> <!-- @BeforeSuite setUp -->
  <testcase classname="TestCases.BaseClass" name="@AfterSuite tearDown" time="0.0">
    <ignored/>
  </testcase> <!-- @AfterSuite tearDown -->
</testsuite> <!-- Test -->
