<?xml version="1.0" encoding="UTF-8"?>
<!-- Generated by org.testng.reporters.JUnitXMLReporter -->
<testsuite ignored="4" hostname="Gopi" failures="0" tests="3" name="Test" time="23.708" errors="0" timestamp="2024-03-05T16:45:48 IST">
  <testcase classname="TestCases.TC01_LoginTest" name="validLogin" time="4.55"/>
  <testcase classname="TestCases.TC02_HomePage" name="Homepage" time="1.208"/>
  <testcase classname="TestCases.TC03_PerformancePageTest" name="Performace" time="17.896"/>
  <testcase classname="TestCases.BaseClass" name="@BeforeSuite setUp" time="0.0">
    <ignored/>
  </testcase> <!-- @BeforeSuite setUp -->
  <testcase classname="TestCases.BaseClass" name="@AfterSuite tearDown" time="0.0">
    <ignored/>
  </testcase> <!-- @AfterSuite tearDown -->
  <testcase classname="TestCases.BaseClass" name="@BeforeSuite setUp" time="0.0">
    <ignored/>
  </testcase> <!-- @BeforeSuite setUp -->
  <testcase classname="TestCases.BaseClass" name="@AfterSuite tearDown" time="0.0">
    <ignored/>
  </testcase> <!-- @AfterSuite tearDown -->
</testsuite> <!-- Test -->
