<?xml version="1.0" encoding="UTF-8"?>
<testng-results ignored="2" total="4" passed="2" failed="0" skipped="0">
  <reporter-output>
  </reporter-output>
  <suite started-at="2024-02-27T21:45:55 IST" name="Suite" finished-at="2024-02-27T21:46:04 IST" duration-ms="8723">
    <groups>
    </groups>
    <test started-at="2024-02-27T21:45:55 IST" name="Test" finished-at="2024-02-27T21:46:04 IST" duration-ms="8723">
      <class name="TestCases.TC01_LoginTest">
        <test-method is-config="true" signature="setUp()[pri:0, instance:TestCases.TC01_LoginTest@1151e434]" started-at="2024-02-27T21:45:40 IST" name="setUp" description="calling url" finished-at="2024-02-27T21:45:55 IST" duration-ms="14636" status="PASS">
          <reporter-output>
          </reporter-output>
        </test-method> <!-- setUp -->
        <test-method signature="validLogin()[pri:1, instance:TestCases.TC01_LoginTest@1151e434]" started-at="2024-02-27T21:45:55 IST" name="validLogin" description="Valid Login Test case" finished-at="2024-02-27T21:45:58 IST" duration-ms="2575" status="PASS">
          <reporter-output>
          </reporter-output>
        </test-method> <!-- validLogin -->
        <test-method is-config="true" signature="tearDown()[pri:0, instance:TestCases.TC01_LoginTest@1151e434]" started-at="2024-02-27T21:46:04 IST" name="tearDown" description="quiting browser" finished-at="2024-02-27T21:46:09 IST" duration-ms="5292" status="PASS">
          <reporter-output>
          </reporter-output>
        </test-method> <!-- tearDown -->
      </class> <!-- TestCases.TC01_LoginTest -->
      <class name="TestCases.TC02_HomePage">
        <test-method signature="Homepage()[pri:0, instance:TestCases.TC02_HomePage@72e5a8e]" started-at="2024-02-27T21:45:58 IST" name="Homepage" finished-at="2024-02-27T21:46:04 IST" depends-on-methods="TestCases.TC01_LoginTest.validLogin" duration-ms="6090" status="PASS">
          <reporter-output>
          </reporter-output>
        </test-method> <!-- Homepage -->
      </class> <!-- TestCases.TC02_HomePage -->
    </test> <!-- Test -->
  </suite> <!-- Suite -->
</testng-results>
