<?xml version="1.0" encoding="UTF-8"?>
<testsuite xmlns:xsi="http://www.w3.org/2001/XMLSchema-instance" xsi:noNamespaceSchemaLocation="https://maven.apache.org/surefire/maven-surefire-plugin/xsd/surefire-test-report.xsd" name="TestSuite" time="69.421" tests="3" errors="0" skipped="0" failures="0">
  <properties>
[...]
</properties>
  <testcase name="validLogin" classname="TestCases.TC01_LoginTest" time="4.545"/>
  <testcase name="Homepage" classname="TestCases.TC02_HomePage" time="1.21"/>
  <testcase name="Performace" classname="TestCases.TC03_PerformancePageTest" time="17.896"/>
</testsuite>