<?xml version="1.0" encoding="UTF-8"?>
<testng-results ignored="0" total="3" passed="3" failed="0" skipped="0">
  <reporter-output>
  </reporter-output>
  <suite started-at="2024-03-05T16:45:25 IST" name="Suite" finished-at="2024-03-05T16:45:48 IST" duration-ms="23708">
    <groups>
    </groups>
    <test started-at="2024-03-05T16:45:25 IST" name="Test" finished-at="2024-03-05T16:45:48 IST" duration-ms="23708">
      <class name="TestCases.TC03_PerformancePageTest">
        <test-method signature="Performace()[pri:0, instance:TestCases.TC03_PerformancePageTest@4ce7fffa]" started-at="2024-03-05T16:45:30 IST" name="Performace" finished-at="2024-03-05T16:45:48 IST" duration-ms="17896" status="PASS">
          <reporter-output>
          </reporter-output>
        </test-method> <!-- Performace -->
      </class> <!-- TestCases.TC03_PerformancePageTest -->
      <class name="TestCases.TC01_LoginTest">
        <test-method is-config="true" signature="setUp()[pri:0, instance:TestCases.TC01_LoginTest@2eee3069]" started-at="2024-03-05T16:44:46 IST" name="setUp" description="calling url" finished-at="2024-03-05T16:45:25 IST" duration-ms="39006" status="PASS">
          <reporter-output>
          </reporter-output>
        </test-method> <!-- setUp -->
        <test-method signature="validLogin()[pri:1, instance:TestCases.TC01_LoginTest@2eee3069]" started-at="2024-03-05T16:45:25 IST" name="validLogin" description="Valid Login Test case" finished-at="2024-03-05T16:45:29 IST" duration-ms="4550" status="PASS">
          <reporter-output>
          </reporter-output>
        </test-method> <!-- validLogin -->
        <test-method is-config="true" signature="tearDown()[pri:0, instance:TestCases.TC01_LoginTest@2eee3069]" started-at="2024-03-05T16:45:48 IST" name="tearDown" description="quiting browser" finished-at="2024-03-05T16:45:54 IST" duration-ms="5241" status="PASS">
          <reporter-output>
          </reporter-output>
        </test-method> <!-- tearDown -->
      </class> <!-- TestCases.TC01_LoginTest -->
      <class name="TestCases.TC02_HomePage">
        <test-method signature="Homepage()[pri:0, instance:TestCases.TC02_HomePage@1e636ea3]" started-at="2024-03-05T16:45:29 IST" name="Homepage" finished-at="2024-03-05T16:45:30 IST" depends-on-methods="TestCases.TC01_LoginTest.validLogin" duration-ms="1208" status="PASS">
          <reporter-output>
          </reporter-output>
        </test-method> <!-- Homepage -->
      </class> <!-- TestCases.TC02_HomePage -->
    </test> <!-- Test -->
  </suite> <!-- Suite -->
</testng-results>
